<?xml version="1.0" encoding="UTF-8"?>
<checkstyle version="5.6">
<file name="D:\Apromore\Apromore-Extras\bpmncmap\src\main\java\com\processconfiguration\ConfigurationAlgorithm.java">
<error line="31" column="8" severity="error" message="Unused import - javax.xml.bind.JAXBContext." source="com.puppycrawl.tools.checkstyle.checks.imports.UnusedImportsCheck"/>
<error line="33" column="8" severity="error" message="Unused import - javax.xml.bind.JAXBException." source="com.puppycrawl.tools.checkstyle.checks.imports.UnusedImportsCheck"/>
<error line="34" column="8" severity="error" message="Unused import - javax.xml.bind.Marshaller." source="com.puppycrawl.tools.checkstyle.checks.imports.UnusedImportsCheck"/>
<error line="35" column="8" severity="error" message="Unused import - javax.xml.bind.Unmarshaller." source="com.puppycrawl.tools.checkstyle.checks.imports.UnusedImportsCheck"/>
<error line="85" severity="error" message="Using the &apos;.*&apos; form of import should be avoided - org.omg.spec.bpmn._20100524.di.*." source="com.puppycrawl.tools.checkstyle.checks.imports.AvoidStarImportCheck"/>
<error line="86" severity="error" message="Using the &apos;.*&apos; form of import should be avoided - org.omg.spec.bpmn._20100524.model.*." source="com.puppycrawl.tools.checkstyle.checks.imports.AvoidStarImportCheck"/>
<error line="87" severity="error" message="Using the &apos;.*&apos; form of import should be avoided - org.omg.spec.dd._20100524.di.*." source="com.puppycrawl.tools.checkstyle.checks.imports.AvoidStarImportCheck"/>
<error line="151" column="1" severity="error" message="File contains tab characters (this is the first instance)." source="com.puppycrawl.tools.checkstyle.checks.whitespace.FileTabCharacterCheck"/>
<error line="224" column="84" severity="error" message="Expected @param tag for &apos;definitions&apos;." source="com.puppycrawl.tools.checkstyle.checks.javadoc.JavadocMethodCheck"/>
<error line="283" column="5" severity="error" message="NCSS for this method is 85 (max allowed is 50)." source="com.puppycrawl.tools.checkstyle.checks.metrics.JavaNCSSCheck"/>
<error line="289" column="37" severity="error" message="&apos;,&apos; is not followed by whitespace." source="com.puppycrawl.tools.checkstyle.checks.whitespace.WhitespaceAfterCheck"/>
<error line="290" column="37" severity="error" message="&apos;,&apos; is not followed by whitespace." source="com.puppycrawl.tools.checkstyle.checks.whitespace.WhitespaceAfterCheck"/>
<error line="294" column="44" severity="error" message="Parameter aBean should be final." source="com.puppycrawl.tools.checkstyle.checks.FinalParametersCheck"/>
<error line="294" column="78" severity="error" message="Parameter aVisitor should be final." source="com.puppycrawl.tools.checkstyle.checks.FinalParametersCheck"/>
<error line="294" column="97" severity="error" message="&apos;{&apos; is not followed by whitespace." source="com.puppycrawl.tools.checkstyle.checks.whitespace.WhitespaceAroundCheck"/>
<error line="294" column="97" severity="error" message="&apos;}&apos; is not preceded with whitespace." source="com.puppycrawl.tools.checkstyle.checks.whitespace.WhitespaceAroundCheck"/>
<error line="374" column="44" severity="error" message="Parameter aBean should be final." source="com.puppycrawl.tools.checkstyle.checks.FinalParametersCheck"/>
<error line="374" column="78" severity="error" message="Parameter aVisitor should be final." source="com.puppycrawl.tools.checkstyle.checks.FinalParametersCheck"/>
<error line="374" column="97" severity="error" message="&apos;{&apos; is not followed by whitespace." source="com.puppycrawl.tools.checkstyle.checks.whitespace.WhitespaceAroundCheck"/>
<error line="374" column="97" severity="error" message="&apos;}&apos; is not preceded with whitespace." source="com.puppycrawl.tools.checkstyle.checks.whitespace.WhitespaceAroundCheck"/>
<error line="464" column="5" severity="error" message="Cyclomatic Complexity is 34 (max allowed is 12)." source="com.puppycrawl.tools.checkstyle.checks.metrics.CyclomaticComplexityCheck"/>
<error line="464" column="5" severity="error" message="Executable statement count is 48 (max allowed is 30)." source="com.puppycrawl.tools.checkstyle.checks.sizes.ExecutableStatementCountCheck"/>
<error line="464" column="5" severity="error" message="NCSS for this method is 62 (max allowed is 50)." source="com.puppycrawl.tools.checkstyle.checks.metrics.JavaNCSSCheck"/>
<error line="464" column="5" severity="error" message="NPath Complexity is 464,128 (max allowed is 200)." source="com.puppycrawl.tools.checkstyle.checks.metrics.NPathComplexityCheck"/>
<error line="468" column="58" severity="error" message="&apos;,&apos; is not followed by whitespace." source="com.puppycrawl.tools.checkstyle.checks.whitespace.WhitespaceAfterCheck"/>
<error line="469" column="58" severity="error" message="&apos;,&apos; is not followed by whitespace." source="com.puppycrawl.tools.checkstyle.checks.whitespace.WhitespaceAfterCheck"/>
<error line="542" column="17" severity="error" message="&apos;}&apos; should be on the same line." source="com.puppycrawl.tools.checkstyle.checks.blocks.RightCurlyCheck"/>
<error line="556" column="17" severity="error" message="&apos;}&apos; should be on the same line." source="com.puppycrawl.tools.checkstyle.checks.blocks.RightCurlyCheck"/>
<error line="603" severity="error" message="Line is longer than 150 characters (found 172)." source="com.puppycrawl.tools.checkstyle.checks.sizes.LineLengthCheck"/>
<error line="636" column="5" severity="error" message="NCSS for this method is 78 (max allowed is 50)." source="com.puppycrawl.tools.checkstyle.checks.metrics.JavaNCSSCheck"/>
<error line="807" severity="error" message="Line is longer than 150 characters (found 157)." source="com.puppycrawl.tools.checkstyle.checks.sizes.LineLengthCheck"/>
<error line="812" column="26" severity="error" message="&apos;&amp;&amp;&apos; should be on the previous line." source="com.puppycrawl.tools.checkstyle.checks.whitespace.OperatorWrapCheck"/>
<error line="871" severity="error" message="Line is longer than 150 characters (found 157)." source="com.puppycrawl.tools.checkstyle.checks.sizes.LineLengthCheck"/>
<error line="873" severity="error" message="Line is longer than 150 characters (found 151)." source="com.puppycrawl.tools.checkstyle.checks.sizes.LineLengthCheck"/>
<error line="925" column="5" severity="error" message="Cyclomatic Complexity is 25 (max allowed is 12)." source="com.puppycrawl.tools.checkstyle.checks.metrics.CyclomaticComplexityCheck"/>
<error line="925" column="5" severity="error" message="Executable statement count is 61 (max allowed is 30)." source="com.puppycrawl.tools.checkstyle.checks.sizes.ExecutableStatementCountCheck"/>
<error line="925" column="5" severity="error" message="NCSS for this method is 82 (max allowed is 50)." source="com.puppycrawl.tools.checkstyle.checks.metrics.JavaNCSSCheck"/>
<error line="925" column="5" severity="error" message="NPath Complexity is 4,356 (max allowed is 200)." source="com.puppycrawl.tools.checkstyle.checks.metrics.NPathComplexityCheck"/>
<error line="936" severity="error" message="Line is longer than 150 characters (found 157)." source="com.puppycrawl.tools.checkstyle.checks.sizes.LineLengthCheck"/>
<error line="1074" column="56" severity="error" message="Parameter extensionElements should be final." source="com.puppycrawl.tools.checkstyle.checks.FinalParametersCheck"/>
<error line="1084" column="65" severity="error" message="Parameter node should be final." source="com.puppycrawl.tools.checkstyle.checks.FinalParametersCheck"/>
<error line="1088" column="65" severity="error" message="Parameter node should be final." source="com.puppycrawl.tools.checkstyle.checks.FinalParametersCheck"/>
</file>
<file name="D:\Apromore\Apromore-Extras\bpmncmap\src\main\java\com\processconfiguration\MyTraverser.java">
<error line="26" column="1" severity="error" message="Redundant import from the same package - com.processconfiguration.Configurable." source="com.puppycrawl.tools.checkstyle.checks.imports.RedundantImportCheck"/>
<error line="29" column="8" severity="error" message="Unused import - org.omg.spec.bpmn._20100524.model.TMessageFlow." source="com.puppycrawl.tools.checkstyle.checks.imports.UnusedImportsCheck"/>
<error line="40" column="33" severity="error" message="Variable &apos;traversedSet&apos; must be private and have accessor methods." source="com.puppycrawl.tools.checkstyle.checks.design.VisibilityModifierCheck"/>
<error line="42" column="36" severity="error" message="Parameter aBean should be final." source="com.puppycrawl.tools.checkstyle.checks.FinalParametersCheck"/>
<error line="42" column="66" severity="error" message="Parameter aVisitor should be final." source="com.puppycrawl.tools.checkstyle.checks.FinalParametersCheck"/>
<error line="49" column="36" severity="error" message="Parameter aBean should be final." source="com.puppycrawl.tools.checkstyle.checks.FinalParametersCheck"/>
<error line="49" column="70" severity="error" message="Parameter aVisitor should be final." source="com.puppycrawl.tools.checkstyle.checks.FinalParametersCheck"/>
</file>
<file name="D:\Apromore\Apromore-Extras\bpmncmap\src\main\java\org\apromore\bpmncmap\Main.java">
<error line="25" column="8" severity="error" message="Unused import - java.io.FileInputStream." source="com.puppycrawl.tools.checkstyle.checks.imports.UnusedImportsCheck"/>
<error line="40" column="8" severity="error" message="Unused import - net.sf.javabdd.BDDPairing." source="com.puppycrawl.tools.checkstyle.checks.imports.UnusedImportsCheck"/>
<error line="52" column="1" severity="error" message="Utility classes should not have a public or default constructor." source="com.puppycrawl.tools.checkstyle.checks.design.HideUtilityClassConstructorCheck"/>
<error line="59" column="29" severity="error" message="Parameter arg should be final." source="com.puppycrawl.tools.checkstyle.checks.FinalParametersCheck"/>
<error line="59" column="50" severity="error" message="Expected @throws tag for &apos;IOException&apos;." source="com.puppycrawl.tools.checkstyle.checks.javadoc.JavadocMethodCheck"/>
<error line="59" column="63" severity="error" message="Expected @throws tag for &apos;JAXBException&apos;." source="com.puppycrawl.tools.checkstyle.checks.javadoc.JavadocMethodCheck"/>
<error line="61" column="1" severity="error" message="File contains tab characters (this is the first instance)." source="com.puppycrawl.tools.checkstyle.checks.whitespace.FileTabCharacterCheck"/>
<error line="86" column="5" severity="error" message="Missing a Javadoc comment." source="com.puppycrawl.tools.checkstyle.checks.javadoc.JavadocMethodCheck"/>
<error line="86" column="62" severity="error" message="Parameter cmap should be final." source="com.puppycrawl.tools.checkstyle.checks.FinalParametersCheck"/>
<error line="86" column="73" severity="error" message="Parameter dcl should be final." source="com.puppycrawl.tools.checkstyle.checks.FinalParametersCheck"/>
<error line="96" column="31" severity="error" message="Parameter fact should be final." source="com.puppycrawl.tools.checkstyle.checks.FinalParametersCheck"/>
<error line="122" column="31" severity="error" message="Parameter configurable should be final." source="com.puppycrawl.tools.checkstyle.checks.FinalParametersCheck"/>
<error line="148" severity="error" message="Line has trailing spaces." source="com.puppycrawl.tools.checkstyle.checks.regexp.RegexpSinglelineCheck"/>
<error line="179" column="123" severity="error" message="&apos;)&apos; is preceded with whitespace." source="com.puppycrawl.tools.checkstyle.checks.whitespace.ParenPadCheck"/>
</file>
<file name="D:\Apromore\Apromore-Extras\bpmncmap\src\test\java\com\processconfiguration\ConfigurationAlgorithmUnitTest.java">
<error line="16" column="8" severity="error" message="Unused import - javax.xml.bind.Unmarshaller." source="com.puppycrawl.tools.checkstyle.checks.imports.UnusedImportsCheck"/>
<error line="21" column="8" severity="error" message="Unused import - com.sun.xml.bind.IDResolver." source="com.puppycrawl.tools.checkstyle.checks.imports.UnusedImportsCheck"/>
<error line="30" column="8" severity="error" message="Unused import - org.junit.Ignore." source="com.puppycrawl.tools.checkstyle.checks.imports.UnusedImportsCheck"/>
<error line="55" severity="error" message="Using the &apos;.*&apos; form of import should be avoided - org.omg.spec.bpmn._20100524.di.*." source="com.puppycrawl.tools.checkstyle.checks.imports.AvoidStarImportCheck"/>
<error line="56" severity="error" message="Using the &apos;.*&apos; form of import should be avoided - org.omg.spec.bpmn._20100524.model.*." source="com.puppycrawl.tools.checkstyle.checks.imports.AvoidStarImportCheck"/>
<error line="69" column="33" severity="error" message="Name &apos;logger&apos; must match pattern &apos;^[A-Z]([A-Z0-9_]*[A-Z0-9])?$&apos;." source="com.puppycrawl.tools.checkstyle.checks.naming.ConstantNameCheck"/>
<error line="76" column="30" severity="error" message="Name &apos;testsDirectory&apos; must match pattern &apos;^[A-Z]([A-Z0-9_]*[A-Z0-9])?$&apos;." source="com.puppycrawl.tools.checkstyle.checks.naming.ConstantNameCheck"/>
<error line="88" column="30" severity="error" message="Name &apos;test1File&apos; must match pattern &apos;^[A-Z]([A-Z0-9_]*[A-Z0-9])?$&apos;." source="com.puppycrawl.tools.checkstyle.checks.naming.ConstantNameCheck"/>
<error line="95" column="30" severity="error" message="Name &apos;trivialGatewayFile&apos; must match pattern &apos;^[A-Z]([A-Z0-9_]*[A-Z0-9])?$&apos;." source="com.puppycrawl.tools.checkstyle.checks.naming.ConstantNameCheck"/>
<error line="100" column="30" severity="error" message="Name &apos;terminalEntryFile&apos; must match pattern &apos;^[A-Z]([A-Z0-9_]*[A-Z0-9])?$&apos;." source="com.puppycrawl.tools.checkstyle.checks.naming.ConstantNameCheck"/>
<error line="105" column="30" severity="error" message="Name &apos;case12File&apos; must match pattern &apos;^[A-Z]([A-Z0-9_]*[A-Z0-9])?$&apos;." source="com.puppycrawl.tools.checkstyle.checks.naming.ConstantNameCheck"/>
<error line="120" column="34" severity="error" message="Parameter definitions should be final." source="com.puppycrawl.tools.checkstyle.checks.FinalParametersCheck"/>
<error line="120" column="63" severity="error" message="Parameter filename should be final." source="com.puppycrawl.tools.checkstyle.checks.FinalParametersCheck"/>
<error line="121" column="1" severity="error" message="File contains tab characters (this is the first instance)." source="com.puppycrawl.tools.checkstyle.checks.whitespace.FileTabCharacterCheck"/>
<error line="200" column="67" severity="error" message="Expected @throws tag for &apos;FileNotFoundException&apos;." source="com.puppycrawl.tools.checkstyle.checks.javadoc.JavadocMethodCheck"/>
<error line="227" column="66" severity="error" message="Expected @throws tag for &apos;FileNotFoundException&apos;." source="com.puppycrawl.tools.checkstyle.checks.javadoc.JavadocMethodCheck"/>
<error line="251" column="66" severity="error" message="Expected @throws tag for &apos;FileNotFoundException&apos;." source="com.puppycrawl.tools.checkstyle.checks.javadoc.JavadocMethodCheck"/>
<error line="270" column="55" severity="error" message="Expected @throws tag for &apos;FileNotFoundException&apos;." source="com.puppycrawl.tools.checkstyle.checks.javadoc.JavadocMethodCheck"/>
<error line="286" column="55" severity="error" message="Expected @throws tag for &apos;FileNotFoundException&apos;." source="com.puppycrawl.tools.checkstyle.checks.javadoc.JavadocMethodCheck"/>
<error line="302" column="55" severity="error" message="Expected @throws tag for &apos;FileNotFoundException&apos;." source="com.puppycrawl.tools.checkstyle.checks.javadoc.JavadocMethodCheck"/>
<error line="311" severity="error" message="Line is longer than 150 characters (found 162)." source="com.puppycrawl.tools.checkstyle.checks.sizes.LineLengthCheck"/>
<error line="328" column="55" severity="error" message="Expected @throws tag for &apos;FileNotFoundException&apos;." source="com.puppycrawl.tools.checkstyle.checks.javadoc.JavadocMethodCheck"/>
<error line="336" column="32" severity="error" message="&apos;(&apos; is followed by whitespace." source="com.puppycrawl.tools.checkstyle.checks.whitespace.ParenPadCheck"/>
<error line="348" column="55" severity="error" message="Expected @throws tag for &apos;FileNotFoundException&apos;." source="com.puppycrawl.tools.checkstyle.checks.javadoc.JavadocMethodCheck"/>
<error line="356" column="32" severity="error" message="&apos;(&apos; is followed by whitespace." source="com.puppycrawl.tools.checkstyle.checks.whitespace.ParenPadCheck"/>
<error line="368" column="91" severity="error" message="Expected @throws tag for &apos;TransformerException&apos;." source="com.puppycrawl.tools.checkstyle.checks.javadoc.JavadocMethodCheck"/>
<error line="385" column="91" severity="error" message="Expected @throws tag for &apos;TransformerException&apos;." source="com.puppycrawl.tools.checkstyle.checks.javadoc.JavadocMethodCheck"/>
<error line="413" column="62" severity="error" message="Expected @throws tag for &apos;CanoniserException&apos;." source="com.puppycrawl.tools.checkstyle.checks.javadoc.JavadocMethodCheck"/>
<error line="423" column="78" severity="error" message="&apos;4&apos; is a magic number." source="com.puppycrawl.tools.checkstyle.checks.coding.MagicNumberCheck"/>
<error line="426" column="83" severity="error" message="&apos;7&apos; is a magic number." source="com.puppycrawl.tools.checkstyle.checks.coding.MagicNumberCheck"/>
<error line="452" column="5" severity="error" message="Executable statement count is 31 (max allowed is 30)." source="com.puppycrawl.tools.checkstyle.checks.sizes.ExecutableStatementCountCheck"/>
<error line="452" column="64" severity="error" message="Expected @throws tag for &apos;CanoniserException&apos;." source="com.puppycrawl.tools.checkstyle.checks.javadoc.JavadocMethodCheck"/>
<error line="461" column="78" severity="error" message="&apos;4&apos; is a magic number." source="com.puppycrawl.tools.checkstyle.checks.coding.MagicNumberCheck"/>
<error line="465" column="79" severity="error" message="&apos;3&apos; is a magic number." source="com.puppycrawl.tools.checkstyle.checks.coding.MagicNumberCheck"/>
<error line="519" column="68" severity="error" message="Expected @throws tag for &apos;CanoniserException&apos;." source="com.puppycrawl.tools.checkstyle.checks.javadoc.JavadocMethodCheck"/>
</file>
<file name="D:\Apromore\Apromore-Extras\bpmncmap\src\test\java\org\apromore\bpmncmap\parser\ParserTest.java">
<error line="13" column="8" severity="error" message="Unused import - org.junit.Ignore." source="com.puppycrawl.tools.checkstyle.checks.imports.UnusedImportsCheck"/>
<error line="21" column="3" severity="error" message="Missing a Javadoc comment." source="com.puppycrawl.tools.checkstyle.checks.javadoc.JavadocMethodCheck"/>
<error line="23" column="40" severity="error" message="&apos;100&apos; is a magic number." source="com.puppycrawl.tools.checkstyle.checks.coding.MagicNumberCheck"/>
<error line="23" column="45" severity="error" message="&apos;100&apos; is a magic number." source="com.puppycrawl.tools.checkstyle.checks.coding.MagicNumberCheck"/>
<error line="24" column="84" severity="error" message="&apos;10&apos; is a magic number." source="com.puppycrawl.tools.checkstyle.checks.coding.MagicNumberCheck"/>
<error line="37" column="3" severity="error" message="Missing a Javadoc comment." source="com.puppycrawl.tools.checkstyle.checks.javadoc.JavadocMethodCheck"/>
<error line="45" column="3" severity="error" message="Missing a Javadoc comment." source="com.puppycrawl.tools.checkstyle.checks.javadoc.JavadocMethodCheck"/>
<error line="53" column="3" severity="error" message="Missing a Javadoc comment." source="com.puppycrawl.tools.checkstyle.checks.javadoc.JavadocMethodCheck"/>
<error line="68" column="77" severity="error" message="Empty statement." source="com.puppycrawl.tools.checkstyle.checks.coding.EmptyStatementCheck"/>
<error line="73" column="3" severity="error" message="Missing a Javadoc comment." source="com.puppycrawl.tools.checkstyle.checks.javadoc.JavadocMethodCheck"/>
<error line="81" column="3" severity="error" message="Missing a Javadoc comment." source="com.puppycrawl.tools.checkstyle.checks.javadoc.JavadocMethodCheck"/>
<error line="89" column="3" severity="error" message="Missing a Javadoc comment." source="com.puppycrawl.tools.checkstyle.checks.javadoc.JavadocMethodCheck"/>
<error line="97" column="3" severity="error" message="Missing a Javadoc comment." source="com.puppycrawl.tools.checkstyle.checks.javadoc.JavadocMethodCheck"/>
<error line="110" column="3" severity="error" message="Missing a Javadoc comment." source="com.puppycrawl.tools.checkstyle.checks.javadoc.JavadocMethodCheck"/>
<error line="118" column="3" severity="error" message="Missing a Javadoc comment." source="com.puppycrawl.tools.checkstyle.checks.javadoc.JavadocMethodCheck"/>
<error line="128" column="3" severity="error" message="Missing a Javadoc comment." source="com.puppycrawl.tools.checkstyle.checks.javadoc.JavadocMethodCheck"/>
<error line="136" column="3" severity="error" message="Missing a Javadoc comment." source="com.puppycrawl.tools.checkstyle.checks.javadoc.JavadocMethodCheck"/>
<error line="144" column="3" severity="error" message="Missing a Javadoc comment." source="com.puppycrawl.tools.checkstyle.checks.javadoc.JavadocMethodCheck"/>
<error line="182" column="3" severity="error" message="Missing a Javadoc comment." source="com.puppycrawl.tools.checkstyle.checks.javadoc.JavadocMethodCheck"/>
</file>
</checkstyle>
