<?xml version="1.0" encoding="UTF-8"?>
<checkstyle version="5.6">
<file name="D:\Apromore\Apromore-Plugins\plugin-canoniser\epml\src\main\java\org\apromore\canoniser\epml\Cpf2Epml.java">
<error line="26" column="8" severity="error" message="Unused import - java.util.ArrayList." source="com.puppycrawl.tools.checkstyle.checks.imports.UnusedImportsCheck"/>
<error line="27" column="8" severity="error" message="Unused import - java.util.List." source="com.puppycrawl.tools.checkstyle.checks.imports.UnusedImportsCheck"/>
<error line="46" column="1" severity="error" message="Utility classes should not have a public or default constructor." source="com.puppycrawl.tools.checkstyle.checks.design.HideUtilityClassConstructorCheck"/>
<error line="53" column="29" severity="error" message="Parameter arg should be final." source="com.puppycrawl.tools.checkstyle.checks.FinalParametersCheck"/>
<error line="53" column="50" severity="error" message="Expected @throws tag for &apos;CanoniserException&apos;." source="com.puppycrawl.tools.checkstyle.checks.javadoc.JavadocMethodCheck"/>
<error line="53" column="70" severity="error" message="Expected @throws tag for &apos;IOException&apos;." source="com.puppycrawl.tools.checkstyle.checks.javadoc.JavadocMethodCheck"/>
<error line="53" column="83" severity="error" message="Expected @throws tag for &apos;JAXBException&apos;." source="com.puppycrawl.tools.checkstyle.checks.javadoc.JavadocMethodCheck"/>
<error line="53" column="98" severity="error" message="Expected @throws tag for &apos;SAXException&apos;." source="com.puppycrawl.tools.checkstyle.checks.javadoc.JavadocMethodCheck"/>
</file>
<file name="D:\Apromore\Apromore-Plugins\plugin-canoniser\epml\src\main\java\org\apromore\canoniser\epml\EPML20Canoniser.java">
<error line="25" severity="error" message="Wrong order for &apos;java.io.ByteArrayInputStream&apos; import." source="com.puppycrawl.tools.checkstyle.checks.imports.ImportOrderCheck"/>
<error line="31" column="8" severity="error" message="Unused import - javax.xml.transform.Source." source="com.puppycrawl.tools.checkstyle.checks.imports.UnusedImportsCheck"/>
<error line="59" severity="error" message="First sentence should end with a period." source="com.puppycrawl.tools.checkstyle.checks.javadoc.JavadocStyleCheck"/>
<error line="69" column="5" severity="error" message="Missing a Javadoc comment." source="com.puppycrawl.tools.checkstyle.checks.javadoc.JavadocVariableCheck"/>
<error line="71" column="5" severity="error" message="Missing a Javadoc comment." source="com.puppycrawl.tools.checkstyle.checks.javadoc.JavadocVariableCheck"/>
<error line="75" column="5" severity="error" message="Missing a Javadoc comment." source="com.puppycrawl.tools.checkstyle.checks.javadoc.JavadocMethodCheck"/>
<error line="142" severity="error" message="Line is longer than 150 characters (found 165)." source="com.puppycrawl.tools.checkstyle.checks.sizes.LineLengthCheck"/>
</file>
<file name="D:\Apromore\Apromore-Plugins\plugin-canoniser\epml\src\main\java\org\apromore\canoniser\epml\Epml2Cpf.java">
<error line="45" column="1" severity="error" message="Utility classes should not have a public or default constructor." source="com.puppycrawl.tools.checkstyle.checks.design.HideUtilityClassConstructorCheck"/>
<error line="52" column="29" severity="error" message="Parameter arg should be final." source="com.puppycrawl.tools.checkstyle.checks.FinalParametersCheck"/>
<error line="52" column="43" severity="error" message="Throws count is 5 (max allowed is 4)." source="com.puppycrawl.tools.checkstyle.checks.design.ThrowsCountCheck"/>
<error line="52" column="50" severity="error" message="Expected @throws tag for &apos;CanoniserException&apos;." source="com.puppycrawl.tools.checkstyle.checks.javadoc.JavadocMethodCheck"/>
<error line="52" column="70" severity="error" message="Expected @throws tag for &apos;IOException&apos;." source="com.puppycrawl.tools.checkstyle.checks.javadoc.JavadocMethodCheck"/>
<error line="52" column="83" severity="error" message="Expected @throws tag for &apos;JAXBException&apos;." source="com.puppycrawl.tools.checkstyle.checks.javadoc.JavadocMethodCheck"/>
<error line="52" column="98" severity="error" message="Expected @throws tag for &apos;SAXException&apos;." source="com.puppycrawl.tools.checkstyle.checks.javadoc.JavadocMethodCheck"/>
<error line="52" column="112" severity="error" message="Expected @throws tag for &apos;TransformerException&apos;." source="com.puppycrawl.tools.checkstyle.checks.javadoc.JavadocMethodCheck"/>
</file>
<file name="D:\Apromore\Apromore-Plugins\plugin-canoniser\epml\src\main\java\org\apromore\canoniser\epml\internal\Canonical2EPML.java">
<error line="89" severity="error" message="Wrong order for &apos;java.math.BigInteger&apos; import." source="com.puppycrawl.tools.checkstyle.checks.imports.ImportOrderCheck"/>
<error line="116" column="34" severity="error" message="Name &apos;EPML_FACTORY&apos; must match pattern &apos;^[a-z][a-zA-Z0-9]*$&apos;." source="com.puppycrawl.tools.checkstyle.checks.naming.StaticVariableNameCheck"/>
<error line="118" column="29" severity="error" message="Name &apos;id_map&apos; must match pattern &apos;^[a-z][a-zA-Z0-9]*$&apos;." source="com.puppycrawl.tools.checkstyle.checks.naming.MemberNameCheck"/>
<error line="118" column="29" severity="error" message="Variable &apos;id_map&apos; must be private and have accessor methods." source="com.puppycrawl.tools.checkstyle.checks.design.VisibilityModifierCheck"/>
<error line="119" column="18" severity="error" message="Name &apos;event_list&apos; must match pattern &apos;^[a-z][a-zA-Z0-9]*$&apos;." source="com.puppycrawl.tools.checkstyle.checks.naming.MemberNameCheck"/>
<error line="119" column="18" severity="error" message="Variable &apos;event_list&apos; must be private and have accessor methods." source="com.puppycrawl.tools.checkstyle.checks.design.VisibilityModifierCheck"/>
<error line="120" column="27" severity="error" message="Variable &apos;nodeRefMap&apos; must be private and have accessor methods." source="com.puppycrawl.tools.checkstyle.checks.design.VisibilityModifierCheck"/>
<error line="121" column="27" severity="error" message="Variable &apos;edgeRefMap&apos; must be private and have accessor methods." source="com.puppycrawl.tools.checkstyle.checks.design.VisibilityModifierCheck"/>
<error line="122" column="17" severity="error" message="Variable &apos;objectSet&apos; must be private and have accessor methods." source="com.puppycrawl.tools.checkstyle.checks.design.VisibilityModifierCheck"/>
<error line="123" column="17" severity="error" message="Variable &apos;arcSet&apos; must be private and have accessor methods." source="com.puppycrawl.tools.checkstyle.checks.design.VisibilityModifierCheck"/>
<error line="124" column="29" severity="error" message="Variable &apos;epcRefMap&apos; must be private and have accessor methods." source="com.puppycrawl.tools.checkstyle.checks.design.VisibilityModifierCheck"/>
<error line="125" column="32" severity="error" message="Variable &apos;objectRefMap&apos; must be private and have accessor methods." source="com.puppycrawl.tools.checkstyle.checks.design.VisibilityModifierCheck"/>
<error line="126" column="23" severity="error" message="Variable &apos;eventFuncList&apos; must be private and have accessor methods." source="com.puppycrawl.tools.checkstyle.checks.design.VisibilityModifierCheck"/>
<error line="127" column="18" severity="error" message="Name &apos;object_res_list&apos; must match pattern &apos;^[a-z][a-zA-Z0-9]*$&apos;." source="com.puppycrawl.tools.checkstyle.checks.naming.MemberNameCheck"/>
<error line="127" column="18" severity="error" message="Variable &apos;object_res_list&apos; must be private and have accessor methods." source="com.puppycrawl.tools.checkstyle.checks.design.VisibilityModifierCheck"/>
<error line="128" column="35" severity="error" message="Name &apos;role_map&apos; must match pattern &apos;^[a-z][a-zA-Z0-9]*$&apos;." source="com.puppycrawl.tools.checkstyle.checks.naming.MemberNameCheck"/>
<error line="128" column="35" severity="error" message="Variable &apos;role_map&apos; must be private and have accessor methods." source="com.puppycrawl.tools.checkstyle.checks.design.VisibilityModifierCheck"/>
<error line="129" column="24" severity="error" message="Name &apos;subnet_list&apos; must match pattern &apos;^[a-z][a-zA-Z0-9]*$&apos;." source="com.puppycrawl.tools.checkstyle.checks.naming.MemberNameCheck"/>
<error line="129" column="24" severity="error" message="Variable &apos;subnet_list&apos; must be private and have accessor methods." source="com.puppycrawl.tools.checkstyle.checks.design.VisibilityModifierCheck"/>
<error line="130" column="32" severity="error" message="Name &apos;pi_list&apos; must match pattern &apos;^[a-z][a-zA-Z0-9]*$&apos;." source="com.puppycrawl.tools.checkstyle.checks.naming.MemberNameCheck"/>
<error line="130" column="32" severity="error" message="Variable &apos;pi_list&apos; must be private and have accessor methods." source="com.puppycrawl.tools.checkstyle.checks.design.VisibilityModifierCheck"/>
<error line="132" column="20" severity="error" message="Name &apos;flow_list&apos; must match pattern &apos;^[a-z][a-zA-Z0-9]*$&apos;." source="com.puppycrawl.tools.checkstyle.checks.naming.MemberNameCheck"/>
<error line="132" column="20" severity="error" message="Variable &apos;flow_list&apos; must be private and have accessor methods." source="com.puppycrawl.tools.checkstyle.checks.design.VisibilityModifierCheck"/>
<error line="133" column="29" severity="error" message="Variable &apos;cpfIdMap&apos; must be private and have accessor methods." source="com.puppycrawl.tools.checkstyle.checks.design.VisibilityModifierCheck"/>
<error line="142" column="5" severity="error" message="Missing a Javadoc comment." source="com.puppycrawl.tools.checkstyle.checks.javadoc.JavadocMethodCheck"/>
<error line="154" column="5" severity="error" message="Cyclomatic Complexity is 30 (max allowed is 12)." source="com.puppycrawl.tools.checkstyle.checks.metrics.CyclomaticComplexityCheck"/>
<error line="154" column="5" severity="error" message="Executable statement count is 88 (max allowed is 30)." source="com.puppycrawl.tools.checkstyle.checks.sizes.ExecutableStatementCountCheck"/>
<error line="154" column="5" severity="error" message="NCSS for this method is 97 (max allowed is 50)." source="com.puppycrawl.tools.checkstyle.checks.metrics.JavaNCSSCheck"/>
<error line="154" column="5" severity="error" message="NPath Complexity is 308 (max allowed is 200)." source="com.puppycrawl.tools.checkstyle.checks.metrics.NPathComplexityCheck"/>
<error line="154" column="18" severity="error" message="Name &apos;validate_model&apos; must match pattern &apos;^[a-z][a-zA-Z0-9]*$&apos;." source="com.puppycrawl.tools.checkstyle.checks.naming.MethodNameCheck"/>
<error line="169" column="32" severity="error" message="Inner assignments should be avoided." source="com.puppycrawl.tools.checkstyle.checks.coding.InnerAssignmentCheck"/>
<error line="229" column="32" severity="error" message="Inner assignments should be avoided." source="com.puppycrawl.tools.checkstyle.checks.coding.InnerAssignmentCheck"/>
<error line="291" severity="error" message="Line has trailing spaces." source="com.puppycrawl.tools.checkstyle.checks.regexp.RegexpSinglelineCheck"/>
<error line="296" column="18" severity="error" message="Name &apos;add_fake&apos; must match pattern &apos;^[a-z][a-zA-Z0-9]*$&apos;." source="com.puppycrawl.tools.checkstyle.checks.naming.MethodNameCheck"/>
<error line="312" severity="error" message="Line has trailing spaces." source="com.puppycrawl.tools.checkstyle.checks.regexp.RegexpSinglelineCheck"/>
<error line="317" column="21" severity="error" message="Name &apos;find_pre_arc&apos; must match pattern &apos;^[a-z][a-zA-Z0-9]*$&apos;." source="com.puppycrawl.tools.checkstyle.checks.naming.MethodNameCheck"/>
<error line="336" severity="error" message="Line has trailing spaces." source="com.puppycrawl.tools.checkstyle.checks.regexp.RegexpSinglelineCheck"/>
<error line="341" column="21" severity="error" message="Name &apos;find_post_arc&apos; must match pattern &apos;^[a-z][a-zA-Z0-9]*$&apos;." source="com.puppycrawl.tools.checkstyle.checks.naming.MethodNameCheck"/>
<error line="346" severity="error" message="Line has trailing spaces." source="com.puppycrawl.tools.checkstyle.checks.regexp.RegexpSinglelineCheck"/>
<error line="360" severity="error" message="Line has trailing spaces." source="com.puppycrawl.tools.checkstyle.checks.regexp.RegexpSinglelineCheck"/>
<error line="365" column="31" severity="error" message="Name &apos;retrieve_successors&apos; must match pattern &apos;^[a-z][a-zA-Z0-9]*$&apos;." source="com.puppycrawl.tools.checkstyle.checks.naming.MethodNameCheck"/>
<error line="384" column="33" severity="error" message="Nested if-else depth is 4 (max allowed is 3)." source="com.puppycrawl.tools.checkstyle.checks.coding.NestedIfDepthCheck"/>
<error line="385" column="37" severity="error" message="Nested if-else depth is 5 (max allowed is 3)." source="com.puppycrawl.tools.checkstyle.checks.coding.NestedIfDepthCheck"/>
<error line="405" severity="error" message="Line has trailing spaces." source="com.puppycrawl.tools.checkstyle.checks.regexp.RegexpSinglelineCheck"/>
<error line="410" column="103" severity="error" message="Expected @throws tag for &apos;CanoniserException&apos;." source="com.puppycrawl.tools.checkstyle.checks.javadoc.JavadocMethodCheck"/>
<error line="418" severity="error" message="Line has trailing spaces." source="com.puppycrawl.tools.checkstyle.checks.regexp.RegexpSinglelineCheck"/>
<error line="422" column="68" severity="error" message="Expected @throws tag for &apos;CanoniserException&apos;." source="com.puppycrawl.tools.checkstyle.checks.javadoc.JavadocMethodCheck"/>
<error line="428" severity="error" message="Line has trailing spaces." source="com.puppycrawl.tools.checkstyle.checks.regexp.RegexpSinglelineCheck"/>
<error line="434" column="127" severity="error" message="Expected @throws tag for &apos;CanoniserException&apos;." source="com.puppycrawl.tools.checkstyle.checks.javadoc.JavadocMethodCheck"/>
<error line="442" severity="error" message="Line has trailing spaces." source="com.puppycrawl.tools.checkstyle.checks.regexp.RegexpSinglelineCheck"/>
<error line="447" column="92" severity="error" message="Expected @throws tag for &apos;CanoniserException&apos;." source="com.puppycrawl.tools.checkstyle.checks.javadoc.JavadocMethodCheck"/>
<error line="453" severity="error" message="Line has trailing spaces." source="com.puppycrawl.tools.checkstyle.checks.regexp.RegexpSinglelineCheck"/>
<error line="459" column="5" severity="error" message="Executable statement count is 35 (max allowed is 30)." source="com.puppycrawl.tools.checkstyle.checks.sizes.ExecutableStatementCountCheck"/>
<error line="523" column="5" severity="error" message="Cyclomatic Complexity is 14 (max allowed is 12)." source="com.puppycrawl.tools.checkstyle.checks.metrics.CyclomaticComplexityCheck"/>
<error line="523" column="5" severity="error" message="Executable statement count is 34 (max allowed is 30)." source="com.puppycrawl.tools.checkstyle.checks.sizes.ExecutableStatementCountCheck"/>
<error line="523" column="5" severity="error" message="NPath Complexity is 380 (max allowed is 200)." source="com.puppycrawl.tools.checkstyle.checks.metrics.NPathComplexityCheck"/>
<error line="554" column="63" severity="error" message="String literal expressions should be on the left side of an equals comparison." source="com.puppycrawl.tools.checkstyle.checks.coding.EqualsAvoidNullCheck"/>
<error line="586" column="35" severity="error" message="Parameter epcAttributes should be final." source="com.puppycrawl.tools.checkstyle.checks.FinalParametersCheck"/>
<error line="586" column="78" severity="error" message="Parameter edge should be final." source="com.puppycrawl.tools.checkstyle.checks.FinalParametersCheck"/>
<error line="608" column="5" severity="error" message="Executable statement count is 39 (max allowed is 30)." source="com.puppycrawl.tools.checkstyle.checks.sizes.ExecutableStatementCountCheck"/>
<error line="631" column="53" severity="error" message="String literal expressions should be on the left side of an equals comparison." source="com.puppycrawl.tools.checkstyle.checks.coding.EqualsAvoidNullCheck"/>
<error line="663" column="5" severity="error" message="Executable statement count is 33 (max allowed is 30)." source="com.puppycrawl.tools.checkstyle.checks.sizes.ExecutableStatementCountCheck"/>
<error line="751" column="5" severity="error" message="Executable statement count is 33 (max allowed is 30)." source="com.puppycrawl.tools.checkstyle.checks.sizes.ExecutableStatementCountCheck"/>
<error line="759" column="13" severity="error" message="switch without &quot;default&quot; clause." source="com.puppycrawl.tools.checkstyle.checks.coding.MissingSwitchDefaultCheck"/>
<error line="776" column="23" severity="error" message="Name &apos;arcs_list&apos; must match pattern &apos;^[a-z][a-zA-Z0-9]*$&apos;." source="com.puppycrawl.tools.checkstyle.checks.naming.LocalVariableNameCheck"/>
<error line="805" column="5" severity="error" message="Executable statement count is 50 (max allowed is 30)." source="com.puppycrawl.tools.checkstyle.checks.sizes.ExecutableStatementCountCheck"/>
<error line="805" column="5" severity="error" message="NCSS for this method is 63 (max allowed is 50)." source="com.puppycrawl.tools.checkstyle.checks.metrics.JavaNCSSCheck"/>
<error line="870" column="39" severity="error" message="Parameter epcAttributes should be final." source="com.puppycrawl.tools.checkstyle.checks.FinalParametersCheck"/>
<error line="870" column="82" severity="error" message="Parameter node should be final." source="com.puppycrawl.tools.checkstyle.checks.FinalParametersCheck"/>
<error line="889" column="41" severity="error" message="Parameter gatewayType should be final." source="com.puppycrawl.tools.checkstyle.checks.FinalParametersCheck"/>
<error line="890" column="9" severity="error" message="switch without &quot;default&quot; clause." source="com.puppycrawl.tools.checkstyle.checks.coding.MissingSwitchDefaultCheck"/>
<error line="900" column="5" severity="error" message="Executable statement count is 32 (max allowed is 30)." source="com.puppycrawl.tools.checkstyle.checks.sizes.ExecutableStatementCountCheck"/>
<error line="944" column="5" severity="error" message="Return count is 6 (max allowed is 4)." source="com.puppycrawl.tools.checkstyle.checks.coding.ReturnCountCheck"/>
<error line="970" column="5" severity="error" message="Cyclomatic Complexity is 13 (max allowed is 12)." source="com.puppycrawl.tools.checkstyle.checks.metrics.CyclomaticComplexityCheck"/>
<error line="970" column="5" severity="error" message="Executable statement count is 41 (max allowed is 30)." source="com.puppycrawl.tools.checkstyle.checks.sizes.ExecutableStatementCountCheck"/>
<error line="1031" column="5" severity="error" message="Executable statement count is 32 (max allowed is 30)." source="com.puppycrawl.tools.checkstyle.checks.sizes.ExecutableStatementCountCheck"/>
<error line="1036" severity="error" message="Line is longer than 150 characters (found 157)." source="com.puppycrawl.tools.checkstyle.checks.sizes.LineLengthCheck"/>
<error line="1081" column="24" severity="error" message="Name &apos;find_def_id&apos; must match pattern &apos;^[a-z][a-zA-Z0-9]*$&apos;." source="com.puppycrawl.tools.checkstyle.checks.naming.MethodNameCheck"/>
</file>
<file name="D:\Apromore\Apromore-Plugins\plugin-canoniser\epml\src\main\java\org\apromore\canoniser\epml\internal\EPML2Canonical.java">
<error line="39" column="8" severity="error" message="Unused import - java.io.PrintWriter." source="com.puppycrawl.tools.checkstyle.checks.imports.UnusedImportsCheck"/>
<error line="99" severity="error" message="Missing a Javadoc comment." source="com.puppycrawl.tools.checkstyle.checks.javadoc.JavadocTypeCheck"/>
<error line="101" column="29" severity="error" message="Name &apos;id_map&apos; must match pattern &apos;^[a-z][a-zA-Z0-9]*$&apos;." source="com.puppycrawl.tools.checkstyle.checks.naming.MemberNameCheck"/>
<error line="101" column="29" severity="error" message="Variable &apos;id_map&apos; must be private and have accessor methods." source="com.puppycrawl.tools.checkstyle.checks.design.VisibilityModifierCheck"/>
<error line="102" column="18" severity="error" message="Name &apos;flow_source_id_list&apos; must match pattern &apos;^[a-z][a-zA-Z0-9]*$&apos;." source="com.puppycrawl.tools.checkstyle.checks.naming.MemberNameCheck"/>
<error line="102" column="18" severity="error" message="Variable &apos;flow_source_id_list&apos; must be private and have accessor methods." source="com.puppycrawl.tools.checkstyle.checks.design.VisibilityModifierCheck"/>
<error line="103" column="19" severity="error" message="Name &apos;and_list&apos; must match pattern &apos;^[a-z][a-zA-Z0-9]*$&apos;." source="com.puppycrawl.tools.checkstyle.checks.naming.MemberNameCheck"/>
<error line="103" column="19" severity="error" message="Variable &apos;and_list&apos; must be private and have accessor methods." source="com.puppycrawl.tools.checkstyle.checks.design.VisibilityModifierCheck"/>
<error line="104" column="18" severity="error" message="Name &apos;or_list&apos; must match pattern &apos;^[a-z][a-zA-Z0-9]*$&apos;." source="com.puppycrawl.tools.checkstyle.checks.naming.MemberNameCheck"/>
<error line="104" column="18" severity="error" message="Variable &apos;or_list&apos; must be private and have accessor methods." source="com.puppycrawl.tools.checkstyle.checks.design.VisibilityModifierCheck"/>
<error line="105" column="19" severity="error" message="Name &apos;xor_list&apos; must match pattern &apos;^[a-z][a-zA-Z0-9]*$&apos;." source="com.puppycrawl.tools.checkstyle.checks.naming.MemberNameCheck"/>
<error line="105" column="19" severity="error" message="Variable &apos;xor_list&apos; must be private and have accessor methods." source="com.puppycrawl.tools.checkstyle.checks.design.VisibilityModifierCheck"/>
<error line="106" column="29" severity="error" message="Name &apos;def_ref&apos; must match pattern &apos;^[a-z][a-zA-Z0-9]*$&apos;." source="com.puppycrawl.tools.checkstyle.checks.naming.MemberNameCheck"/>
<error line="106" column="29" severity="error" message="Variable &apos;def_ref&apos; must be private and have accessor methods." source="com.puppycrawl.tools.checkstyle.checks.design.VisibilityModifierCheck"/>
<error line="107" column="31" severity="error" message="Name &apos;role_ref&apos; must match pattern &apos;^[a-z][a-zA-Z0-9]*$&apos;." source="com.puppycrawl.tools.checkstyle.checks.naming.MemberNameCheck"/>
<error line="107" column="31" severity="error" message="Variable &apos;role_ref&apos; must be private and have accessor methods." source="com.puppycrawl.tools.checkstyle.checks.design.VisibilityModifierCheck"/>
<error line="108" column="33" severity="error" message="Name &apos;obj_ref&apos; must match pattern &apos;^[a-z][a-zA-Z0-9]*$&apos;." source="com.puppycrawl.tools.checkstyle.checks.naming.MemberNameCheck"/>
<error line="108" column="33" severity="error" message="Variable &apos;obj_ref&apos; must be private and have accessor methods." source="com.puppycrawl.tools.checkstyle.checks.design.VisibilityModifierCheck"/>
<error line="109" column="20" severity="error" message="Name &apos;subnet_list&apos; must match pattern &apos;^[a-z][a-zA-Z0-9]*$&apos;." source="com.puppycrawl.tools.checkstyle.checks.naming.MemberNameCheck"/>
<error line="109" column="20" severity="error" message="Variable &apos;subnet_list&apos; must be private and have accessor methods." source="com.puppycrawl.tools.checkstyle.checks.design.VisibilityModifierCheck"/>
<error line="110" column="22" severity="error" message="Name &apos;range_ids&apos; must match pattern &apos;^[a-z][a-zA-Z0-9]*$&apos;." source="com.puppycrawl.tools.checkstyle.checks.naming.MemberNameCheck"/>
<error line="110" column="22" severity="error" message="Variable &apos;range_ids&apos; must be private and have accessor methods." source="com.puppycrawl.tools.checkstyle.checks.design.VisibilityModifierCheck"/>
<error line="111" column="18" severity="error" message="Name &apos;event_ids&apos; must match pattern &apos;^[a-z][a-zA-Z0-9]*$&apos;." source="com.puppycrawl.tools.checkstyle.checks.naming.MemberNameCheck"/>
<error line="111" column="18" severity="error" message="Variable &apos;event_ids&apos; must be private and have accessor methods." source="com.puppycrawl.tools.checkstyle.checks.design.VisibilityModifierCheck"/>
<error line="112" column="19" severity="error" message="Name &apos;range_flow&apos; must match pattern &apos;^[a-z][a-zA-Z0-9]*$&apos;." source="com.puppycrawl.tools.checkstyle.checks.naming.MemberNameCheck"/>
<error line="112" column="19" severity="error" message="Variable &apos;range_flow&apos; must be private and have accessor methods." source="com.puppycrawl.tools.checkstyle.checks.design.VisibilityModifierCheck"/>
<error line="113" column="19" severity="error" message="Name &apos;range_relation&apos; must match pattern &apos;^[a-z][a-zA-Z0-9]*$&apos;." source="com.puppycrawl.tools.checkstyle.checks.naming.MemberNameCheck"/>
<error line="113" column="19" severity="error" message="Variable &apos;range_relation&apos; must be private and have accessor methods." source="com.puppycrawl.tools.checkstyle.checks.design.VisibilityModifierCheck"/>
<error line="124" column="5" severity="error" message="Missing a Javadoc comment." source="com.puppycrawl.tools.checkstyle.checks.javadoc.JavadocMethodCheck"/>
<error line="128" column="5" severity="error" message="Missing a Javadoc comment." source="com.puppycrawl.tools.checkstyle.checks.javadoc.JavadocMethodCheck"/>
<error line="136" severity="error" message="Line has trailing spaces." source="com.puppycrawl.tools.checkstyle.checks.regexp.RegexpSinglelineCheck"/>
<error line="141" column="55" severity="error" message="Expected @throws tag for &apos;CanoniserException&apos;." source="com.puppycrawl.tools.checkstyle.checks.javadoc.JavadocMethodCheck"/>
<error line="145" column="5" severity="error" message="Missing a Javadoc comment." source="com.puppycrawl.tools.checkstyle.checks.javadoc.JavadocMethodCheck"/>
<error line="150" column="5" severity="error" message="Executable statement count is 36 (max allowed is 30)." source="com.puppycrawl.tools.checkstyle.checks.sizes.ExecutableStatementCountCheck"/>
<error line="150" column="15" severity="error" message="Parameter epml should be final." source="com.puppycrawl.tools.checkstyle.checks.FinalParametersCheck"/>
<error line="151" column="14" severity="error" message="Assignment of parameter &apos;epml&apos; is not allowed." source="com.puppycrawl.tools.checkstyle.checks.coding.ParameterAssignmentCheck"/>
<error line="210" severity="error" message="Line has trailing spaces." source="com.puppycrawl.tools.checkstyle.checks.regexp.RegexpSinglelineCheck"/>
<error line="217" column="5" severity="error" message="Cyclomatic Complexity is 34 (max allowed is 12)." source="com.puppycrawl.tools.checkstyle.checks.metrics.CyclomaticComplexityCheck"/>
<error line="217" column="5" severity="error" message="Executable statement count is 40 (max allowed is 30)." source="com.puppycrawl.tools.checkstyle.checks.sizes.ExecutableStatementCountCheck"/>
<error line="218" column="27" severity="error" message="Name &apos;remove_list&apos; must match pattern &apos;^[a-z][a-zA-Z0-9]*$&apos;." source="com.puppycrawl.tools.checkstyle.checks.naming.LocalVariableNameCheck"/>
<error line="219" column="23" severity="error" message="Name &apos;arc_remove_list&apos; must match pattern &apos;^[a-z][a-zA-Z0-9]*$&apos;." source="com.puppycrawl.tools.checkstyle.checks.naming.LocalVariableNameCheck"/>
<error line="229" column="62" severity="error" message="String literal expressions should be on the left side of an equals comparison." source="com.puppycrawl.tools.checkstyle.checks.coding.EqualsAvoidNullCheck"/>
<error line="238" column="41" severity="error" message="Nested if-else depth is 4 (max allowed is 3)." source="com.puppycrawl.tools.checkstyle.checks.coding.NestedIfDepthCheck"/>
<error line="240" column="49" severity="error" message="Nested if-else depth is 5 (max allowed is 3)." source="com.puppycrawl.tools.checkstyle.checks.coding.NestedIfDepthCheck"/>
<error line="241" column="53" severity="error" message="Nested if-else depth is 6 (max allowed is 3)." source="com.puppycrawl.tools.checkstyle.checks.coding.NestedIfDepthCheck"/>
<error line="265" column="93" severity="error" message="String literal expressions should be on the left side of an equals comparison." source="com.puppycrawl.tools.checkstyle.checks.coding.EqualsAvoidNullCheck"/>
<error line="276" column="41" severity="error" message="Nested if-else depth is 4 (max allowed is 3)." source="com.puppycrawl.tools.checkstyle.checks.coding.NestedIfDepthCheck"/>
<error line="277" column="45" severity="error" message="Nested if-else depth is 5 (max allowed is 3)." source="com.puppycrawl.tools.checkstyle.checks.coding.NestedIfDepthCheck"/>
<error line="298" column="5" severity="error" message="Cyclomatic Complexity is 56 (max allowed is 12)." source="com.puppycrawl.tools.checkstyle.checks.metrics.CyclomaticComplexityCheck"/>
<error line="298" column="5" severity="error" message="Executable statement count is 128 (max allowed is 30)." source="com.puppycrawl.tools.checkstyle.checks.sizes.ExecutableStatementCountCheck"/>
<error line="298" column="5" severity="error" message="Method length is 203 lines (max allowed is 200)." source="com.puppycrawl.tools.checkstyle.checks.sizes.MethodLengthCheck"/>
<error line="298" column="5" severity="error" message="NCSS for this method is 167 (max allowed is 50)." source="com.puppycrawl.tools.checkstyle.checks.metrics.JavaNCSSCheck"/>
<error line="298" column="5" severity="error" message="NPath Complexity is 34,728,200 (max allowed is 200)." source="com.puppycrawl.tools.checkstyle.checks.metrics.NPathComplexityCheck"/>
<error line="300" column="29" severity="error" message="Name &apos;role_names&apos; must match pattern &apos;^[a-z][a-zA-Z0-9]*$&apos;." source="com.puppycrawl.tools.checkstyle.checks.naming.LocalVariableNameCheck"/>
<error line="491" column="19" severity="error" message="&apos;if&apos; is not followed by whitespace." source="com.puppycrawl.tools.checkstyle.checks.whitespace.WhitespaceAroundCheck"/>
<error line="491" column="50" severity="error" message="&apos;!=&apos; is not preceded with whitespace." source="com.puppycrawl.tools.checkstyle.checks.whitespace.WhitespaceAroundCheck"/>
<error line="491" column="52" severity="error" message="&apos;!=&apos; is not followed by whitespace." source="com.puppycrawl.tools.checkstyle.checks.whitespace.WhitespaceAroundCheck"/>
<error line="508" column="19" severity="error" message="&apos;if&apos; is not followed by whitespace." source="com.puppycrawl.tools.checkstyle.checks.whitespace.WhitespaceAroundCheck"/>
<error line="508" column="50" severity="error" message="&apos;!=&apos; is not preceded with whitespace." source="com.puppycrawl.tools.checkstyle.checks.whitespace.WhitespaceAroundCheck"/>
<error line="508" column="52" severity="error" message="&apos;!=&apos; is not followed by whitespace." source="com.puppycrawl.tools.checkstyle.checks.whitespace.WhitespaceAroundCheck"/>
<error line="528" column="5" severity="error" message="Executable statement count is 32 (max allowed is 30)." source="com.puppycrawl.tools.checkstyle.checks.sizes.ExecutableStatementCountCheck"/>
<error line="574" column="5" severity="error" message="Executable statement count is 41 (max allowed is 30)." source="com.puppycrawl.tools.checkstyle.checks.sizes.ExecutableStatementCountCheck"/>
<error line="633" column="5" severity="error" message="Cyclomatic Complexity is 17 (max allowed is 12)." source="com.puppycrawl.tools.checkstyle.checks.metrics.CyclomaticComplexityCheck"/>
<error line="634" column="24" severity="error" message="Name &apos;edge_remove_list&apos; must match pattern &apos;^[a-z][a-zA-Z0-9]*$&apos;." source="com.puppycrawl.tools.checkstyle.checks.naming.LocalVariableNameCheck"/>
<error line="635" column="24" severity="error" message="Name &apos;node_remove_list&apos; must match pattern &apos;^[a-z][a-zA-Z0-9]*$&apos;." source="com.puppycrawl.tools.checkstyle.checks.naming.LocalVariableNameCheck"/>
<error line="636" column="16" severity="error" message="Name &apos;event_id&apos; must match pattern &apos;^[a-z][a-zA-Z0-9]*$&apos;." source="com.puppycrawl.tools.checkstyle.checks.naming.LocalVariableNameCheck"/>
<error line="655" column="33" severity="error" message="Nested if-else depth is 4 (max allowed is 3)." source="com.puppycrawl.tools.checkstyle.checks.coding.NestedIfDepthCheck"/>
<error line="656" column="37" severity="error" message="Nested if-else depth is 5 (max allowed is 3)." source="com.puppycrawl.tools.checkstyle.checks.coding.NestedIfDepthCheck"/>
<error line="657" severity="error" message="Line has trailing spaces." source="com.puppycrawl.tools.checkstyle.checks.regexp.RegexpSinglelineCheck"/>
<error line="661" column="37" severity="error" message="Nested if-else depth is 5 (max allowed is 3)." source="com.puppycrawl.tools.checkstyle.checks.coding.NestedIfDepthCheck"/>
<error line="662" severity="error" message="Line has trailing spaces." source="com.puppycrawl.tools.checkstyle.checks.regexp.RegexpSinglelineCheck"/>
<error line="663" severity="error" message="Line has trailing spaces." source="com.puppycrawl.tools.checkstyle.checks.regexp.RegexpSinglelineCheck"/>
<error line="694" column="32" severity="error" message="Parameter nodeId should be final." source="com.puppycrawl.tools.checkstyle.checks.FinalParametersCheck"/>
<error line="694" column="47" severity="error" message="Parameter net should be final." source="com.puppycrawl.tools.checkstyle.checks.FinalParametersCheck"/>
<error line="704" column="70" severity="error" message="&apos;+&apos; is not preceded with whitespace." source="com.puppycrawl.tools.checkstyle.checks.whitespace.WhitespaceAroundCheck"/>
<error line="704" column="71" severity="error" message="&apos;+&apos; is not followed by whitespace." source="com.puppycrawl.tools.checkstyle.checks.whitespace.WhitespaceAroundCheck"/>
<error line="708" column="35" severity="error" message="Parameter nodeId should be final." source="com.puppycrawl.tools.checkstyle.checks.FinalParametersCheck"/>
<error line="708" column="50" severity="error" message="Parameter net should be final." source="com.puppycrawl.tools.checkstyle.checks.FinalParametersCheck"/>
<error line="767" column="55" severity="error" message="Parameter epmlAttribute should be final." source="com.puppycrawl.tools.checkstyle.checks.FinalParametersCheck"/>
<error line="767" column="92" severity="error" message="Parameter cpfAttributeList should be final." source="com.puppycrawl.tools.checkstyle.checks.FinalParametersCheck"/>
<error line="775" column="17" severity="error" message="switch without &quot;default&quot; clause." source="com.puppycrawl.tools.checkstyle.checks.coding.MissingSwitchDefaultCheck"/>
<error line="790" column="54" severity="error" message="Parameter epmlAttribute should be final." source="com.puppycrawl.tools.checkstyle.checks.FinalParametersCheck"/>
<error line="790" column="91" severity="error" message="Parameter cpfAttributeList should be final." source="com.puppycrawl.tools.checkstyle.checks.FinalParametersCheck"/>
<error line="809" column="42" severity="error" message="Parameter name should be final." source="com.puppycrawl.tools.checkstyle.checks.FinalParametersCheck"/>
<error line="821" column="43" severity="error" message="Parameter epmlAttribute should be final." source="com.puppycrawl.tools.checkstyle.checks.FinalParametersCheck"/>
<error line="821" column="80" severity="error" message="Parameter cpfAttributeList should be final." source="com.puppycrawl.tools.checkstyle.checks.FinalParametersCheck"/>
<error line="837" column="5" severity="error" message="Cyclomatic Complexity is 16 (max allowed is 12)." source="com.puppycrawl.tools.checkstyle.checks.metrics.CyclomaticComplexityCheck"/>
<error line="837" column="5" severity="error" message="Executable statement count is 56 (max allowed is 30)." source="com.puppycrawl.tools.checkstyle.checks.sizes.ExecutableStatementCountCheck"/>
<error line="837" column="5" severity="error" message="NCSS for this method is 65 (max allowed is 50)." source="com.puppycrawl.tools.checkstyle.checks.metrics.JavaNCSSCheck"/>
<error line="858" column="98" severity="error" message="String literal expressions should be on the left side of an equals comparison." source="com.puppycrawl.tools.checkstyle.checks.coding.EqualsAvoidNullCheck"/>
<error line="888" column="98" severity="error" message="String literal expressions should be on the left side of an equals comparison." source="com.puppycrawl.tools.checkstyle.checks.coding.EqualsAvoidNullCheck"/>
</file>
<file name="D:\Apromore\Apromore-Plugins\plugin-canoniser\epml\src\test\java\org\apromore\canoniser\epml\AbstractTest.java">
<error line="5" severity="error" message="Wrong order for &apos;java.io.File&apos; import." source="com.puppycrawl.tools.checkstyle.checks.imports.ImportOrderCheck"/>
<error line="26" severity="error" message="Missing a Javadoc comment." source="com.puppycrawl.tools.checkstyle.checks.javadoc.JavadocTypeCheck"/>
<error line="31" severity="error" message="Line is longer than 150 characters (found 163)." source="com.puppycrawl.tools.checkstyle.checks.sizes.LineLengthCheck"/>
<error line="31" column="53" severity="error" message="Throws count is 6 (max allowed is 4)." source="com.puppycrawl.tools.checkstyle.checks.design.ThrowsCountCheck"/>
<error line="31" column="60" severity="error" message="Expected @throws tag for &apos;CanoniserException&apos;." source="com.puppycrawl.tools.checkstyle.checks.javadoc.JavadocMethodCheck"/>
<error line="31" column="80" severity="error" message="Expected @throws tag for &apos;PropertyException&apos;." source="com.puppycrawl.tools.checkstyle.checks.javadoc.JavadocMethodCheck"/>
<error line="31" column="99" severity="error" message="Expected @throws tag for &apos;JAXBException&apos;." source="com.puppycrawl.tools.checkstyle.checks.javadoc.JavadocMethodCheck"/>
<error line="31" column="114" severity="error" message="Expected @throws tag for &apos;SAXException&apos;." source="com.puppycrawl.tools.checkstyle.checks.javadoc.JavadocMethodCheck"/>
<error line="31" column="128" severity="error" message="Expected @throws tag for &apos;FileNotFoundException&apos;." source="com.puppycrawl.tools.checkstyle.checks.javadoc.JavadocMethodCheck"/>
<error line="31" column="151" severity="error" message="Expected @throws tag for &apos;IOException&apos;." source="com.puppycrawl.tools.checkstyle.checks.javadoc.JavadocMethodCheck"/>
<error line="33" column="9" severity="error" message="Declaring variables, return values or parameters of type &apos;ArrayList&apos; is not allowed." source="com.puppycrawl.tools.checkstyle.checks.coding.IllegalTypeCheck"/>
<error line="34" column="9" severity="error" message="Declaring variables, return values or parameters of type &apos;ArrayList&apos; is not allowed." source="com.puppycrawl.tools.checkstyle.checks.coding.IllegalTypeCheck"/>
<error line="43" severity="error" message="Line has trailing spaces." source="com.puppycrawl.tools.checkstyle.checks.regexp.RegexpSinglelineCheck"/>
<error line="57" column="62" severity="error" message="Expected @throws tag for &apos;CanoniserException&apos;." source="com.puppycrawl.tools.checkstyle.checks.javadoc.JavadocMethodCheck"/>
<error line="57" column="82" severity="error" message="Expected @throws tag for &apos;JAXBException&apos;." source="com.puppycrawl.tools.checkstyle.checks.javadoc.JavadocMethodCheck"/>
<error line="57" column="97" severity="error" message="Expected @throws tag for &apos;SAXException&apos;." source="com.puppycrawl.tools.checkstyle.checks.javadoc.JavadocMethodCheck"/>
<error line="57" column="111" severity="error" message="Expected @throws tag for &apos;IOException&apos;." source="com.puppycrawl.tools.checkstyle.checks.javadoc.JavadocMethodCheck"/>
</file>
<file name="D:\Apromore\Apromore-Plugins\plugin-canoniser\epml\src\test\java\org\apromore\canoniser\epml\AudioUnitTest.java">
<error line="6" severity="error" message="Missing a Javadoc comment." source="com.puppycrawl.tools.checkstyle.checks.javadoc.JavadocTypeCheck"/>
<error line="8" column="5" severity="error" message="Missing a Javadoc comment." source="com.puppycrawl.tools.checkstyle.checks.javadoc.JavadocMethodCheck"/>
</file>
<file name="D:\Apromore\Apromore-Plugins\plugin-canoniser\epml\src\test\java\org\apromore\canoniser\epml\EPML20CanoniserUnitTest.java">
<error line="7" severity="error" message="Wrong order for &apos;java.io.File&apos; import." source="com.puppycrawl.tools.checkstyle.checks.imports.ImportOrderCheck"/>
<error line="28" severity="error" message="Missing a Javadoc comment." source="com.puppycrawl.tools.checkstyle.checks.javadoc.JavadocTypeCheck"/>
<error line="32" column="5" severity="error" message="Missing a Javadoc comment." source="com.puppycrawl.tools.checkstyle.checks.javadoc.JavadocMethodCheck"/>
<error line="37" column="5" severity="error" message="Missing a Javadoc comment." source="com.puppycrawl.tools.checkstyle.checks.javadoc.JavadocMethodCheck"/>
<error line="42" column="5" severity="error" message="Missing a Javadoc comment." source="com.puppycrawl.tools.checkstyle.checks.javadoc.JavadocMethodCheck"/>
<error line="43" column="32" severity="error" message="Throws count is 6 (max allowed is 4)." source="com.puppycrawl.tools.checkstyle.checks.design.ThrowsCountCheck"/>
<error line="45" column="9" severity="error" message="Declaring variables, return values or parameters of type &apos;ArrayList&apos; is not allowed." source="com.puppycrawl.tools.checkstyle.checks.coding.IllegalTypeCheck"/>
<error line="46" column="9" severity="error" message="Declaring variables, return values or parameters of type &apos;ArrayList&apos; is not allowed." source="com.puppycrawl.tools.checkstyle.checks.coding.IllegalTypeCheck"/>
<error line="57" column="5" severity="error" message="Missing a Javadoc comment." source="com.puppycrawl.tools.checkstyle.checks.javadoc.JavadocMethodCheck"/>
<error line="71" column="5" severity="error" message="Missing a Javadoc comment." source="com.puppycrawl.tools.checkstyle.checks.javadoc.JavadocMethodCheck"/>
<error line="76" column="5" severity="error" message="Missing a Javadoc comment." source="com.puppycrawl.tools.checkstyle.checks.javadoc.JavadocMethodCheck"/>
<error line="81" column="5" severity="error" message="Missing a Javadoc comment." source="com.puppycrawl.tools.checkstyle.checks.javadoc.JavadocMethodCheck"/>
<error line="86" column="5" severity="error" message="Missing a Javadoc comment." source="com.puppycrawl.tools.checkstyle.checks.javadoc.JavadocMethodCheck"/>
<error line="91" column="5" severity="error" message="Missing a Javadoc comment." source="com.puppycrawl.tools.checkstyle.checks.javadoc.JavadocMethodCheck"/>
<error line="96" column="5" severity="error" message="Missing a Javadoc comment." source="com.puppycrawl.tools.checkstyle.checks.javadoc.JavadocMethodCheck"/>
</file>
<file name="D:\Apromore\Apromore-Plugins\plugin-canoniser\epml\src\test\java\org\apromore\canoniser\epml\ObjectIntgTest.java">
<error line="5" severity="error" message="Wrong order for &apos;java.io.File&apos; import." source="com.puppycrawl.tools.checkstyle.checks.imports.ImportOrderCheck"/>
<error line="25" severity="error" message="Missing a Javadoc comment." source="com.puppycrawl.tools.checkstyle.checks.javadoc.JavadocTypeCheck"/>
<error line="27" column="5" severity="error" message="Missing a Javadoc comment." source="com.puppycrawl.tools.checkstyle.checks.javadoc.JavadocMethodCheck"/>
<error line="28" column="32" severity="error" message="Throws count is 6 (max allowed is 4)." source="com.puppycrawl.tools.checkstyle.checks.design.ThrowsCountCheck"/>
<error line="30" column="9" severity="error" message="Declaring variables, return values or parameters of type &apos;ArrayList&apos; is not allowed." source="com.puppycrawl.tools.checkstyle.checks.coding.IllegalTypeCheck"/>
<error line="31" column="9" severity="error" message="Declaring variables, return values or parameters of type &apos;ArrayList&apos; is not allowed." source="com.puppycrawl.tools.checkstyle.checks.coding.IllegalTypeCheck"/>
<error line="42" column="5" severity="error" message="Missing a Javadoc comment." source="com.puppycrawl.tools.checkstyle.checks.javadoc.JavadocMethodCheck"/>
</file>
<file name="D:\Apromore\Apromore-Plugins\plugin-canoniser\epml\src\test\java\org\apromore\canoniser\epml\ObjectUnitTest.java">
<error line="5" severity="error" message="Missing a Javadoc comment." source="com.puppycrawl.tools.checkstyle.checks.javadoc.JavadocTypeCheck"/>
<error line="7" column="5" severity="error" message="Missing a Javadoc comment." source="com.puppycrawl.tools.checkstyle.checks.javadoc.JavadocMethodCheck"/>
<error line="8" column="5" severity="error" message="Missing a Javadoc comment." source="com.puppycrawl.tools.checkstyle.checks.javadoc.JavadocMethodCheck"/>
</file>
<file name="D:\Apromore\Apromore-Plugins\plugin-canoniser\epml\src\test\java\org\apromore\canoniser\epml\OrIntgTest.java">
<error line="5" severity="error" message="Wrong order for &apos;java.io.File&apos; import." source="com.puppycrawl.tools.checkstyle.checks.imports.ImportOrderCheck"/>
<error line="24" severity="error" message="Missing a Javadoc comment." source="com.puppycrawl.tools.checkstyle.checks.javadoc.JavadocTypeCheck"/>
<error line="26" column="5" severity="error" message="Missing a Javadoc comment." source="com.puppycrawl.tools.checkstyle.checks.javadoc.JavadocMethodCheck"/>
<error line="27" column="32" severity="error" message="Throws count is 5 (max allowed is 4)." source="com.puppycrawl.tools.checkstyle.checks.design.ThrowsCountCheck"/>
<error line="29" column="9" severity="error" message="Declaring variables, return values or parameters of type &apos;ArrayList&apos; is not allowed." source="com.puppycrawl.tools.checkstyle.checks.coding.IllegalTypeCheck"/>
<error line="30" column="9" severity="error" message="Declaring variables, return values or parameters of type &apos;ArrayList&apos; is not allowed." source="com.puppycrawl.tools.checkstyle.checks.coding.IllegalTypeCheck"/>
<error line="41" column="5" severity="error" message="Missing a Javadoc comment." source="com.puppycrawl.tools.checkstyle.checks.javadoc.JavadocMethodCheck"/>
</file>
<file name="D:\Apromore\Apromore-Plugins\plugin-canoniser\epml\src\test\java\org\apromore\canoniser\epml\OrUnitTest.java">
<error line="5" severity="error" message="Missing a Javadoc comment." source="com.puppycrawl.tools.checkstyle.checks.javadoc.JavadocTypeCheck"/>
<error line="7" column="5" severity="error" message="Missing a Javadoc comment." source="com.puppycrawl.tools.checkstyle.checks.javadoc.JavadocMethodCheck"/>
<error line="8" column="5" severity="error" message="Missing a Javadoc comment." source="com.puppycrawl.tools.checkstyle.checks.javadoc.JavadocMethodCheck"/>
</file>
<file name="D:\Apromore\Apromore-Plugins\plugin-canoniser\epml\src\test\java\org\apromore\canoniser\epml\RangeUnitTest.java">
<error line="3" column="8" severity="error" message="Unused import - org.junit.Ignore." source="com.puppycrawl.tools.checkstyle.checks.imports.UnusedImportsCheck"/>
<error line="6" severity="error" message="Missing a Javadoc comment." source="com.puppycrawl.tools.checkstyle.checks.javadoc.JavadocTypeCheck"/>
<error line="8" column="5" severity="error" message="Missing a Javadoc comment." source="com.puppycrawl.tools.checkstyle.checks.javadoc.JavadocMethodCheck"/>
<error line="9" column="5" severity="error" message="Missing a Javadoc comment." source="com.puppycrawl.tools.checkstyle.checks.javadoc.JavadocMethodCheck"/>
</file>
<file name="D:\Apromore\Apromore-Plugins\plugin-canoniser\epml\src\test\java\org\apromore\canoniser\epml\Role2UnitTest.java">
<error line="3" column="8" severity="error" message="Unused import - org.junit.Ignore." source="com.puppycrawl.tools.checkstyle.checks.imports.UnusedImportsCheck"/>
<error line="6" severity="error" message="Missing a Javadoc comment." source="com.puppycrawl.tools.checkstyle.checks.javadoc.JavadocTypeCheck"/>
<error line="8" column="5" severity="error" message="Missing a Javadoc comment." source="com.puppycrawl.tools.checkstyle.checks.javadoc.JavadocMethodCheck"/>
<error line="9" column="5" severity="error" message="Missing a Javadoc comment." source="com.puppycrawl.tools.checkstyle.checks.javadoc.JavadocMethodCheck"/>
</file>
<file name="D:\Apromore\Apromore-Plugins\plugin-canoniser\epml\src\test\java\org\apromore\canoniser\epml\RoleUnitTest.java">
<error line="3" column="8" severity="error" message="Unused import - org.junit.Ignore." source="com.puppycrawl.tools.checkstyle.checks.imports.UnusedImportsCheck"/>
<error line="6" severity="error" message="Missing a Javadoc comment." source="com.puppycrawl.tools.checkstyle.checks.javadoc.JavadocTypeCheck"/>
<error line="8" column="5" severity="error" message="Missing a Javadoc comment." source="com.puppycrawl.tools.checkstyle.checks.javadoc.JavadocMethodCheck"/>
<error line="9" column="5" severity="error" message="Missing a Javadoc comment." source="com.puppycrawl.tools.checkstyle.checks.javadoc.JavadocMethodCheck"/>
</file>
<file name="D:\Apromore\Apromore-Plugins\plugin-canoniser\epml\src\test\java\org\apromore\canoniser\epml\XorUnitTest.java">
<error line="3" column="8" severity="error" message="Unused import - org.junit.Ignore." source="com.puppycrawl.tools.checkstyle.checks.imports.UnusedImportsCheck"/>
<error line="6" severity="error" message="Missing a Javadoc comment." source="com.puppycrawl.tools.checkstyle.checks.javadoc.JavadocTypeCheck"/>
<error line="8" column="5" severity="error" message="Missing a Javadoc comment." source="com.puppycrawl.tools.checkstyle.checks.javadoc.JavadocMethodCheck"/>
<error line="9" column="5" severity="error" message="Missing a Javadoc comment." source="com.puppycrawl.tools.checkstyle.checks.javadoc.JavadocMethodCheck"/>
</file>
</checkstyle>
